<?xml version="1.0" encoding="UTF-8"?>
<testsuites>
  <testsuite name="/app/tests/Station11" tests="5" assertions="7" errors="0" warnings="0" failures="0" skipped="0" time="0.102311">
    <testsuite name="Tests\Station11\QuestionTest" file="/app/tests/Station11/QuestionTest.php" tests="5" assertions="7" errors="0" warnings="0" failures="0" skipped="0" time="0.102311">
      <testcase name="_300円の予算内で3つのお菓子データを抽出する" class="Tests\Station11\QuestionTest" classname="Tests.Station11.QuestionTest" file="/app/tests/Station11/QuestionTest.php" line="43" assertions="3" time="0.092088">
        <system-out>Array
(
    [0] =&gt; 6
    [1] =&gt; 4
    [2] =&gt; 0
)
</system-out>
      </testcase>
      <testcase name="お菓子データの抽出はランダムである" class="Tests\Station11\QuestionTest" classname="Tests.Station11.QuestionTest" file="/app/tests/Station11/QuestionTest.php" line="55" assertions="1" time="0.007141">
        <system-out>Array
(
    [0] =&gt; 4
    [1] =&gt; 1
    [2] =&gt; 6
)
Array
(
    [0] =&gt; 0
    [1] =&gt; 6
    [2] =&gt; 3
)
Array
(
    [0] =&gt; 3
    [1] =&gt; 1
    [2] =&gt; 4
)
Array
(
    [0] =&gt; 0
    [1] =&gt; 6
    [2] =&gt; 3
)
</system-out>
      </testcase>
      <testcase name="getSweetsLessThanBudgetでの処理が命名に合致する" class="Tests\Station11\QuestionTest" classname="Tests.Station11.QuestionTest" file="/app/tests/Station11/QuestionTest.php" line="72" assertions="1" time="0.003041"/>
      <testcase name="getRandomKeysでの処理が命名に合致する" class="Tests\Station11\QuestionTest" classname="Tests.Station11.QuestionTest" file="/app/tests/Station11/QuestionTest.php" line="93" assertions="1" time="0.000027">
        <system-out>Array
(
    [0] =&gt; 1
    [1] =&gt; 3
    [2] =&gt; 0
)
</system-out>
      </testcase>
      <testcase name="makeCombinationでの処理が命名に合致する" class="Tests\Station11\QuestionTest" classname="Tests.Station11.QuestionTest" file="/app/tests/Station11/QuestionTest.php" line="112" assertions="1" time="0.000013"/>
    </testsuite>
  </testsuite>
</testsuites>
